<?xml version="1.0" encoding="UTF-8"?>
<!-- Generated by org.testng.reporters.JUnitReportReporter -->
<testsuite hostname="DESKTOP-S34INP9" failures="0" tests="1" name="test.TestSuit" time="26.177" errors="0" timestamp="29 Oct 2019 16:19:10 GMT" skipped="0">
  <testcase classname="test.TestSuit" name="userShouldAbleToSelectTopBarSuccessfully" time="26.177"/>
</testsuite> <!-- test.TestSuit -->
