<?xml version="1.0" encoding="UTF-8"?>
<!-- Generated by org.testng.reporters.JUnitReportReporter -->
<testsuite hostname="DESKTOP-S34INP9" failures="0" tests="2" name="test.TestCheck" time="0.013" errors="0" timestamp="29 Oct 2019 16:15:25 GMT" skipped="0">
  <testcase classname="test.TestCheck" name="bike" time="0.013"/>
  <testcase classname="test.TestCheck" name="plane" time="0.000"/>
</testsuite> <!-- test.TestCheck -->
